<?xml version="1.0" encoding="UTF-8"?>
<!-- Generated by org.testng.reporters.JUnitReportReporter -->
<testsuite hostname="limengnandeMacBook-Pro.local" name="com.limn.app.driver.AppDriverTest" tests="1" failures="0" timestamp="2 Sep 2015 06:35:57 GMT" time="40.604" errors="0">
  <testcase name="setValue" time="40.604" classname="com.limn.app.driver.AppDriverTest"/>
</testsuite> <!-- com.limn.app.driver.AppDriverTest -->
